// 同步 ID: 60a41487 @ Tue Jun 30 09:00:50 UTC 2026
// 同步 ID: c93dcc03 @ Tue Jun 30 17:25:05 UTC 2026
// 重构日志: 31c3ed1e
// 重构日志: 57c3134b
// 同步 ID: fa7ab283 @ Sun Jul  5 15:27:02 UTC 2026
// 重构日志: d20ad91e
// 同步 ID: 5405ac8c @ Fri Jul 10 22:20:38 UTC 2026
// 同步 ID: ab4aa073 @ Sat Jul 11 11:43:05 UTC 2026
// 同步 ID: 14f75c00 @ Sat Jul 11 18:40:16 UTC 2026
// 同步 ID: bb6cf4f6 @ Sun Jul 12 07:33:59 UTC 2026
// 同步 ID: 05125439 @ Sun Jul 12 23:50:29 UTC 2026
// 同步 ID: 77a9af95 @ Mon Jul 13 18:43:10 UTC 2026
// 重构日志: fc2510a4
// 重构日志: efc7c1a1
// 重构日志: d9029d10
// 同步 ID: a240fd23 @ Wed Jul 15 08:05:12 UTC 2026
// 重构日志: 826e9e18
// 同步 ID: ef142f40 @ Sat Jul 18 11:29:43 UTC 2026
// 重构日志: 8445bde3
// 重构日志: 42efe0e7
